mktextfm wasy10
mktextfm wasy8
mktextfm wasy6
mktextfm wasy10
mktextfm wasy8
mktextfm wasy6
mktextfm wasy10
mktextfm wasy10
mktextfm wasy8
mktextfm wasy6
mktextfm wasy10
mktextfm wasy10
mktextfm wasy8
mktextfm wasy6
mktextfm wasy10
mktextfm wasy8
mktextfm wasy6
mktextfm wasy10
mktextfm wasy7
mktextfm wasy5
mktextfm wasy10
mktextfm wasy8
mktextfm wasy6
mktextfm wasy10
mktextfm wasy7
mktextfm wasy5
mktextfm wasy10
mktextfm wasy8
mktextfm wasy6
mktextfm wasy10
mktextfm wasy8
mktextfm wasy6
mktextfm wasy10
mktextfm wasy7
mktextfm wasy5
mktextfm wasy10
mktextfm wasy8
mktextfm wasy6
mktextfm wasy10
mktextfm wasy7
mktextfm wasy5
mktextfm Beskerville
mktextfm Beskerville
mktextfm Beskerville
mktextfm Beskerville/BI
mktextfm Beskerville
mktextfm Beskerville/B
mktextfm Beskerville
mktextfm Beskerville/I
mktextfm Beskerville
mktextfm Beskerville
mktextfm Beskerville
mktextfm Calibri
mktextfm Calibri
mktextfm Calibri
mktextfm Calibri/BI
mktextfm Calibri
mktextfm Calibri/B
mktextfm Calibri
mktextfm Calibri/I
mktextfm Calibri
mktextfm Calibri
mktextfm Beskerville
mktextfm Beskerville
mktextfm Beskerville
mktextfm Beskerville
mktextfm wasy10
mktextfm wasy8
mktextfm wasy6
mktextfm Calibri
mktextfm Calibri
mktextfm Calibri
mktextfm Beskerville
mktextfm Beskerville
mktextfm Beskerville
mktextfm Beskerville
mktextfm Beskerville
mktextfm Beskerville/BI
mktextfm Beskerville
mktextfm Beskerville/B
mktextfm Beskerville
mktextfm Beskerville/I
mktextfm Beskerville
mktextfm Beskerville
mktextfm Beskerville
mktextfm Calibri
mktextfm Calibri
mktextfm Calibri
mktextfm Calibri/BI
mktextfm Calibri
mktextfm Calibri/B
mktextfm Calibri
mktextfm Calibri/I
mktextfm Calibri
mktextfm Calibri
mktextfm Beskerville
mktextfm Beskerville
mktextfm Beskerville
mktextfm Beskerville
mktextfm wasy10
mktextfm wasy8
mktextfm wasy6
mktextfm Calibri
mktextfm Calibri
mktextfm Beskerville
mktextfm Beskerville
mktextfm Beskerville
mktextfm wasy10
mktextfm wasy7
mktextfm wasy5
mktextfm Calibri
mktextfm Beskerville
mktextfm Beskerville
mktextfm Beskerville
mktextfm Beskerville
mktextfm Beskerville/BI
mktextfm Beskerville
mktextfm Beskerville/B
mktextfm Beskerville
mktextfm Beskerville/I
mktextfm Beskerville
mktextfm Beskerville
mktextfm Beskerville
mktextfm Calibri
mktextfm Calibri
mktextfm Calibri
mktextfm Calibri/BI
mktextfm Calibri
mktextfm Calibri/B
mktextfm Calibri
mktextfm Calibri/I
mktextfm Calibri
mktextfm Calibri
mktextfm Beskerville
mktextfm Beskerville
mktextfm Beskerville
mktextfm Beskerville
mktextfm wasy10
mktextfm wasy8
mktextfm wasy6
mktextfm Calibri
mktextfm Calibri
mktextfm Beskerville
mktextfm Beskerville
mktextfm Beskerville
mktextfm wasy10
mktextfm wasy7
mktextfm wasy5
mktextfm Calibri
mktextfm Beskerville
mktextfm Calibri
mktextfm Calibri
mktextfm Calibri
mktextfm Calibri/BI
mktextfm Calibri
mktextfm Calibri/B
mktextfm Calibri
mktextfm Calibri/I
mktextfm Calibri
mktextfm Calibri
mktextfm wasy10
mktextfm wasy8
mktextfm wasy6
mktextfm Calibri
mktextfm Calibri
mktextfm Calibri
mktextfm Calibri
mktextfm Calibri
mktextfm Calibri
mktextfm Calibri/BI
mktextfm Calibri
mktextfm Calibri/B
mktextfm Calibri
mktextfm Calibri/I
mktextfm Calibri
mktextfm Calibri
mktextfm wasy10
mktextfm wasy8
mktextfm wasy6
mktextfm Calibri
mktextfm Calibri
mktextfm wasy10
mktextfm wasy7
mktextfm wasy5
mktextfm Calibri
mktextfm Calibri
mktextfm Calibri
mktextfm Calibri
mktextfm Calibri/BI
mktextfm Calibri
mktextfm Calibri/B
mktextfm Calibri
mktextfm Calibri/I
mktextfm Calibri
mktextfm Calibri
mktextfm wasy10
mktextfm wasy8
mktextfm wasy6
mktextfm Calibri
mktextfm Calibri
mktextfm wasy10
mktextfm wasy7
mktextfm wasy5
mktextfm Calibri
mktextfm wasy10
mktextfm wasy8
mktextfm wasy6
mktextfm wasy10
mktextfm wasy8
mktextfm wasy6
mktextfm wasy10
mktextfm wasy7
mktextfm wasy5
mktextfm wasy10
mktextfm wasy8
mktextfm wasy6
mktextfm wasy10
mktextfm wasy7
mktextfm wasy5
mktextfm wasy10
mktextfm wasy8
mktextfm wasy6
mktextfm wasy10
mktextfm wasy8
mktextfm wasy6
mktextfm wasy10
mktextfm wasy7
mktextfm wasy5
mktextfm wasy10
mktextfm wasy8
mktextfm wasy6
mktextfm wasy10
mktextfm wasy7
mktextfm wasy5
mktextfm wasy10
mktextfm wasy8
mktextfm wasy6
mktextfm wasy10
mktextfm wasy10
mktextfm wasy10
mktextfm wasy8
mktextfm wasy6
mktextfm wasy10
mktextfm wasy7
mktextfm wasy5
mktextfm wasy10
mktextfm wasy10
mktextfm wasy10
mktextfm wasy8
mktextfm wasy6
mktextfm wasy10
mktextfm wasy7
mktextfm wasy5
mktextfm wasy10
mktextfm wasy10
mktextfm wasy10
mktextfm wasy8
mktextfm wasy6
mktextfm wasy10
mktextfm wasy10
mktextfm wasy10
mktextfm wasy8
mktextfm wasy6
mktextfm wasy10
mktextfm wasy7
mktextfm wasy5
mktextfm wasy10
mktextfm wasy10
mktextfm wasy10
mktextfm wasy8
mktextfm wasy6
mktextfm wasy10
mktextfm wasy7
mktextfm wasy5
mktextfm wasy10
mktextfm wasy10
mktextfm wasy10
mktextfm wasy8
mktextfm wasy6
mktextfm wasy10
mktextfm wasy8
mktextfm wasy6
mktextfm wasy10
mktextfm wasy7
mktextfm wasy5
mktextfm wasy10
mktextfm wasy8
mktextfm wasy6
mktextfm wasy10
mktextfm wasy7
mktextfm wasy5
mktextfm wasy10
mktextfm wasy8
mktextfm wasy6
mktextfm wasy10
mktextfm wasy8
mktextfm wasy6
mktextfm wasy10
mktextfm wasy7
mktextfm wasy5
mktextfm wasy10
mktextfm wasy8
mktextfm wasy6
mktextfm wasy10
mktextfm wasy7
mktextfm wasy5
mktextfm wasy10
mktextfm wasy8
mktextfm wasy6
mktextfm wasy10
mktextfm wasy8
mktextfm wasy6
mktextfm wasy10
mktextfm wasy7
mktextfm wasy5
mktextfm wasy10
mktextfm wasy8
mktextfm wasy6
mktextfm wasy10
mktextfm wasy7
mktextfm wasy5
mktextfm wasy10
mktextfm wasy8
mktextfm wasy6
mktextfm wasy10
mktextfm wasy8
mktextfm wasy6
mktextfm wasy10
mktextfm wasy7
mktextfm wasy5
mktextfm wasy10
mktextfm wasy8
mktextfm wasy6
mktextfm wasy10
mktextfm wasy7
mktextfm wasy5
mktextfm wasy10
mktextfm wasy8
mktextfm wasy6
mktextfm wasy10
mktextfm wasy8
mktextfm wasy6
mktextfm wasy10
mktextfm wasy7
mktextfm wasy5
mktextfm wasy10
mktextfm wasy8
mktextfm wasy6
mktextfm wasy10
mktextfm wasy7
mktextfm wasy5
mktextfm wasy10
mktextfm wasy8
mktextfm wasy6
mktextfm wasy10
mktextfm wasy8
mktextfm wasy6
mktextfm wasy10
mktextfm wasy7
mktextfm wasy5
mktextfm wasy10
mktextfm wasy8
mktextfm wasy6
mktextfm wasy10
mktextfm wasy7
mktextfm wasy5
mktextfm wasy10
mktextfm wasy8
mktextfm wasy6
mktextfm wasy10
mktextfm wasy8
mktextfm wasy6
mktextfm wasy10
mktextfm wasy7
mktextfm wasy5
mktextfm wasy10
mktextfm wasy8
mktextfm wasy6
mktextfm wasy10
mktextfm wasy7
mktextfm wasy5
mktextfm wasy10
mktextfm wasy8
mktextfm wasy6
mktextfm wasy10
mktextfm wasy8
mktextfm wasy6
mktextfm wasy10
mktextfm wasy7
mktextfm wasy5
mktextfm wasy10
mktextfm wasy8
mktextfm wasy6
mktextfm wasy10
mktextfm wasy7
mktextfm wasy5
mktextfm wasy10
mktextfm wasy8
mktextfm wasy6
mktextfm wasy10
mktextfm wasy8
mktextfm wasy6
mktextfm wasy10
mktextfm wasy7
mktextfm wasy5
mktextfm wasy10
mktextfm wasy8
mktextfm wasy6
mktextfm wasy10
mktextfm wasy7
mktextfm wasy5
mktextfm wasy10
mktextfm wasy8
mktextfm wasy6
mktextfm wasy10
mktextfm wasy7
mktextfm wasy5
mktextfm wasy10
mktextfm wasy8
mktextfm wasy6
mktextfm wasy10
mktextfm wasy7
mktextfm wasy5
mktextfm wasy10
mktextfm wasy8
mktextfm wasy6
mktextfm wasy10
mktextfm wasy7
mktextfm wasy5
mktextfm wasy10
mktextfm wasy8
mktextfm wasy6
mktextfm wasy10
mktextfm wasy7
mktextfm wasy5
mktextfm wasy10
mktextfm wasy8
mktextfm wasy6
mktextfm wasy10
mktextfm wasy7
mktextfm wasy5
mktextfm wasy10
mktextfm wasy8
mktextfm wasy6
mktextfm wasy10
mktextfm wasy7
mktextfm wasy5
mktextfm wasy10
mktextfm wasy8
mktextfm wasy6
mktextfm wasy10
mktextfm wasy7
mktextfm wasy5
mktextfm wasy10
mktextfm wasy8
mktextfm wasy6
mktextfm wasy10
mktextfm wasy7
mktextfm wasy5
mktextfm wasy10
mktextfm wasy8
mktextfm wasy6
mktextfm wasy10
mktextfm wasy7
mktextfm wasy5
